Vivado Simulator 2017.4
Copyright 1986-1999, 2001-2016 Xilinx, Inc. All Rights Reserved.
Running: I:/Xilinx/Vivado/2017.4/bin/unwrapped/win64.o/xelab.exe -wto 30b1dbe0c8ba4feb9e6327db3a50cefb --incr --debug typical --relax --mt 2 -L xil_defaultlib -L unisims_ver -L unimacro_ver -L secureip -L xpm --snapshot sim_pipeline_behav xil_defaultlib.sim_pipeline xil_defaultlib.glbl -log elaborate.log 
Using 2 slave threads.
Starting static elaboration
Completed static elaboration
Starting simulation data flow analysis
Completed simulation data flow analysis
Time Resolution for simulation is 1ps
Compiling module xil_defaultlib.Pipeline_IF
Compiling module xil_defaultlib.IF_reg_ID
Compiling module xil_defaultlib.SCPU_ctrl_more
Compiling module xil_defaultlib.immGen
Compiling module xil_defaultlib.RegFile
Compiling module xil_defaultlib.Pipeline_ID
Compiling module xil_defaultlib.ID_reg_Ex
Compiling module xil_defaultlib.ALU
Compiling module xil_defaultlib.Pipeline_Ex
Compiling module xil_defaultlib.Ex_reg_Mem
Compiling module xil_defaultlib.Pipeline_Mem
Compiling module xil_defaultlib.Mem_reg_WB
Compiling module xil_defaultlib.Pipeline_WB
Compiling module xil_defaultlib.Pipeline_CPU
Compiling module xil_defaultlib.sim_pipeline
Compiling module xil_defaultlib.glbl
Built simulation snapshot sim_pipeline_behav
